<?xml version="1.0" encoding="UTF-8"?>
<!-- Generated by org.testng.reporters.JUnitReportReporter -->
<testsuite skipped="0" hostname="hp" name="demopackage.demoTestNG" tests="1" failures="0" timestamp="24 Jan 2018 17:36:25 GMT" time="0.018" errors="0">
  <testcase name="test1" time="0.018" classname="demopackage.demoTestNG"/>
</testsuite> <!-- demopackage.demoTestNG -->
