<?xml version="1.0" encoding="UTF-8"?>
<!-- Generated by org.testng.reporters.JUnitReportReporter -->
<testsuite skipped="0" hostname="hp" name="demopackage.demoTestNG1" tests="1" failures="0" timestamp="24 Jan 2018 17:36:25 GMT" time="0.004" errors="0">
  <testcase name="test7" time="0.004" classname="demopackage.demoTestNG1"/>
</testsuite> <!-- demopackage.demoTestNG1 -->
